[ 2017-07-10T10:43:26+08:00 ] 127.0.0.1 /admin.php?s=/Activity/index.html
INFO: [ app_init ] --START--
INFO: Run Behavior\BuildLiteBehavior [ RunTime:0.001000s ]
INFO: Run Common\Behavior\InitHookBehavior [ RunTime:0.001000s ]
INFO: [ app_init ] --END-- [ RunTime:0.002000s ]
INFO: [ app_begin ] --START--
INFO: Run Behavior\ReadHtmlCacheBehavior [ RunTime:0.001000s ]
INFO: [ app_begin ] --END-- [ RunTime:0.001000s ]
SQL: SHOW COLUMNS FROM `config` [ RunTime:0.0090s ]
SQL: SELECT `type`,`name`,`value` FROM `config` WHERE `status` = 1  [ RunTime:0.0010s ]
SQL: SHOW COLUMNS FROM `activity` [ RunTime:0.0070s ]
SQL: SELECT a.*,b.title,b.description,b.deadline FROM `activity` as a join document as b on a.activity_id = b.id   [ RunTime:0.0020s ]
INFO: [ view_parse ] --START--
INFO: [ template_filter ] --START--
INFO: Run Behavior\ContentReplaceBehavior [ RunTime:0.001000s ]
INFO: [ template_filter ] --END-- [ RunTime:0.001000s ]
NOTIC: [8] Undefined variable: meta_title D:\server\Apache\htdocs\onethink-master\wwwroot\Runtime\Cache\Admin\c8d84a2d51a6dbf36e8ef99e6375e8a9.php 第 5 行.
INFO: Run Behavior\ParseTemplateBehavior [ RunTime:0.018002s ]
INFO: [ view_parse ] --END-- [ RunTime:0.018002s ]
INFO: [ view_filter ] --START--
INFO: Run Behavior\WriteHtmlCacheBehavior [ RunTime:0.001000s ]
INFO: [ view_filter ] --END-- [ RunTime:0.001000s ]
INFO: [ app_end ] --START--
INFO: Run Behavior\ShowPageTraceBehavior [ RunTime:0.001000s ]
INFO: [ app_end ] --END-- [ RunTime:0.001000s ]

[ 2017-07-10T10:43:30+08:00 ] 127.0.0.1 /admin.php?s=/Repair/repair.html
INFO: [ app_init ] --START--
INFO: Run Behavior\BuildLiteBehavior [ RunTime:0.000000s ]
INFO: Run Common\Behavior\InitHookBehavior [ RunTime:0.002000s ]
INFO: [ app_init ] --END-- [ RunTime:0.002000s ]
INFO: [ app_begin ] --START--
INFO: Run Behavior\ReadHtmlCacheBehavior [ RunTime:0.001000s ]
INFO: [ app_begin ] --END-- [ RunTime:0.001000s ]
ERR: 无法加载控制器:Repair

[ 2017-07-10T10:43:31+08:00 ] 127.0.0.1 /admin.php?s=/Repair/repair.html
INFO: [ app_init ] --START--
INFO: Run Behavior\BuildLiteBehavior [ RunTime:0.000000s ]
INFO: Run Common\Behavior\InitHookBehavior [ RunTime:0.003000s ]
INFO: [ app_init ] --END-- [ RunTime:0.003000s ]
INFO: [ app_begin ] --START--
INFO: Run Behavior\ReadHtmlCacheBehavior [ RunTime:0.001000s ]
INFO: [ app_begin ] --END-- [ RunTime:0.001000s ]
ERR: 无法加载控制器:Repair

[ 2017-07-10T10:43:34+08:00 ] 127.0.0.1 /admin.php?s=/Config/group.html
INFO: [ app_init ] --START--
INFO: Run Behavior\BuildLiteBehavior [ RunTime:0.000000s ]
INFO: Run Common\Behavior\InitHookBehavior [ RunTime:0.002000s ]
INFO: [ app_init ] --END-- [ RunTime:0.003000s ]
INFO: [ app_begin ] --START--
INFO: Run Behavior\ReadHtmlCacheBehavior [ RunTime:0.001000s ]
INFO: [ app_begin ] --END-- [ RunTime:0.001000s ]
SQL: SHOW COLUMNS FROM `menu` [ RunTime:0.0070s ]
SQL: SELECT `id`,`title`,`url` FROM `menu` WHERE `pid` = 0 AND `hide` = 0 ORDER BY `sort` asc  [ RunTime:0.0010s ]
SQL: SELECT `pid` FROM `menu` WHERE ( pid !=0 AND url like '%Config/group%' ) LIMIT 1   [ RunTime:0.0010s ]
SQL: SELECT * FROM `menu` WHERE `id` = 68 LIMIT 1   [ RunTime:0.0000s ]
SQL: SELECT DISTINCT  `group` FROM `menu` WHERE `group` <> '' AND `pid` = 68  [ RunTime:0.0010s ]
SQL: SELECT `id`,`url` FROM `menu` WHERE `pid` = 68 AND `hide` = 0  [ RunTime:0.0000s ]
SQL: SELECT `id`,`pid`,`title`,`url`,`tip` FROM `menu` WHERE `group` = '系统设置' AND `pid` = 68 AND `hide` = 0 ORDER BY `sort` asc  [ RunTime:0.0000s ]
SQL: SELECT `id`,`pid`,`title`,`url`,`tip` FROM `menu` WHERE `group` = '数据备份' AND `pid` = 68 AND `hide` = 0 ORDER BY `sort` asc  [ RunTime:0.0000s ]
SQL: SHOW COLUMNS FROM `config` [ RunTime:0.0060s ]
SQL: SELECT `id`,`name`,`title`,`extra`,`value`,`remark`,`type` FROM `config` WHERE `status` = 1 AND `group` = 1 ORDER BY `sort`  [ RunTime:0.0010s ]
INFO: [ view_parse ] --START--
INFO: [ template_filter ] --START--
INFO: Run Behavior\ContentReplaceBehavior [ RunTime:0.000000s ]
INFO: [ template_filter ] --END-- [ RunTime:0.000000s ]
INFO: Run Behavior\ParseTemplateBehavior [ RunTime:0.017001s ]
INFO: [ view_parse ] --END-- [ RunTime:0.017001s ]
INFO: [ view_filter ] --START--
INFO: Run Behavior\WriteHtmlCacheBehavior [ RunTime:0.000000s ]
INFO: [ view_filter ] --END-- [ RunTime:0.000000s ]
INFO: [ app_end ] --START--
INFO: Run Behavior\ShowPageTraceBehavior [ RunTime:0.001000s ]
INFO: [ app_end ] --END-- [ RunTime:0.001000s ]

[ 2017-07-10T10:43:35+08:00 ] 127.0.0.1 /admin.php?s=/User/index.html
INFO: [ app_init ] --START--
INFO: Run Behavior\BuildLiteBehavior [ RunTime:0.000000s ]
INFO: Run Common\Behavior\InitHookBehavior [ RunTime:0.002000s ]
INFO: [ app_init ] --END-- [ RunTime:0.002000s ]
INFO: [ app_begin ] --START--
INFO: Run Behavior\ReadHtmlCacheBehavior [ RunTime:0.001000s ]
INFO: [ app_begin ] --END-- [ RunTime:0.001000s ]
SQL: SHOW COLUMNS FROM `menu` [ RunTime:0.0060s ]
SQL: SELECT `id`,`title`,`url` FROM `menu` WHERE `pid` = 0 AND `hide` = 0 ORDER BY `sort` asc  [ RunTime:0.0000s ]
SQL: SELECT `pid` FROM `menu` WHERE ( pid !=0 AND url like '%User/index%' ) LIMIT 1   [ RunTime:0.0010s ]
SQL: SELECT * FROM `menu` WHERE `id` = 16 LIMIT 1   [ RunTime:0.0000s ]
SQL: SELECT DISTINCT  `group` FROM `menu` WHERE `group` <> '' AND `pid` = 16  [ RunTime:0.0010s ]
SQL: SELECT `id`,`url` FROM `menu` WHERE `pid` = 16 AND `hide` = 0  [ RunTime:0.0000s ]
SQL: SELECT `id`,`pid`,`title`,`url`,`tip` FROM `menu` WHERE `group` = '用户管理' AND `pid` = 16 AND `hide` = 0 ORDER BY `sort` asc  [ RunTime:0.0010s ]
SQL: SELECT `id`,`pid`,`title`,`url`,`tip` FROM `menu` WHERE `group` = '行为管理' AND `pid` = 16 AND `hide` = 0 ORDER BY `sort` asc  [ RunTime:0.0000s ]
SQL: SHOW COLUMNS FROM `member` [ RunTime:0.0070s ]
SQL: SELECT COUNT(*) AS tp_count FROM `member` WHERE `status` >= 0 AND `nickname` LIKE '%%' LIMIT 1   [ RunTime:0.0000s ]
SQL: SELECT `uid`,`nickname`,`sex`,`birthday`,`qq`,`score`,`login`,`reg_ip`,`reg_time`,`last_login_ip`,`last_login_time`,`status`,`openid` FROM `member` WHERE `status` >= 0 AND `nickname` LIKE '%%' ORDER BY `uid` desc LIMIT 0,10   [ RunTime:0.0000s ]
INFO: [ view_parse ] --START--
INFO: [ template_filter ] --START--
INFO: Run Behavior\ContentReplaceBehavior [ RunTime:0.001000s ]
INFO: [ template_filter ] --END-- [ RunTime:0.001000s ]
INFO: Run Behavior\ParseTemplateBehavior [ RunTime:0.017001s ]
INFO: [ view_parse ] --END-- [ RunTime:0.017001s ]
INFO: [ view_filter ] --START--
INFO: Run Behavior\WriteHtmlCacheBehavior [ RunTime:0.001000s ]
INFO: [ view_filter ] --END-- [ RunTime:0.001000s ]
INFO: [ app_end ] --START--
INFO: Run Behavior\ShowPageTraceBehavior [ RunTime:0.000000s ]
INFO: [ app_end ] --END-- [ RunTime:0.001001s ]

[ 2017-07-10T10:43:38+08:00 ] 127.0.0.1 /admin.php?s=/Article/index.html
INFO: [ app_init ] --START--
INFO: Run Behavior\BuildLiteBehavior [ RunTime:0.000000s ]
INFO: Run Common\Behavior\InitHookBehavior [ RunTime:0.004000s ]
INFO: [ app_init ] --END-- [ RunTime:0.005000s ]
INFO: [ app_begin ] --START--
INFO: Run Behavior\ReadHtmlCacheBehavior [ RunTime:0.001000s ]
INFO: [ app_begin ] --END-- [ RunTime:0.001000s ]
SQL: SHOW COLUMNS FROM `menu` [ RunTime:0.0060s ]
SQL: SELECT `id`,`title`,`url` FROM `menu` WHERE `pid` = 0 AND `hide` = 0 ORDER BY `sort` asc  [ RunTime:0.0000s ]
SQL: SELECT `pid` FROM `menu` WHERE ( pid !=0 AND url like '%Article/index%' ) LIMIT 1   [ RunTime:0.0000s ]
SQL: SELECT * FROM `menu` WHERE `id` = 2 LIMIT 1   [ RunTime:0.0000s ]
SQL: SELECT DISTINCT  `group` FROM `menu` WHERE `group` <> '' AND `pid` = 2  [ RunTime:0.0000s ]
SQL: SELECT `id`,`url` FROM `menu` WHERE `pid` = 2 AND `hide` = 0  [ RunTime:0.0010s ]
SQL: SELECT `id`,`pid`,`title`,`url`,`tip` FROM `menu` WHERE `group` = '内容' AND `pid` = 2 AND `hide` = 0 ORDER BY `sort` asc  [ RunTime:0.0000s ]
SQL: SHOW COLUMNS FROM `auth_group_access` [ RunTime:0.0240s ]
SQL: SELECT `extend_id` FROM auth_group_access g INNER JOIN auth_extend c on g.group_id=c.group_id  WHERE ( g.uid='1' and c.type='1' and !isnull(extend_id) )  [ RunTime:0.0070s ]
SQL: SHOW COLUMNS FROM `category` [ RunTime:0.0120s ]
SQL: SELECT `id`,`title`,`pid`,`allow_publish` FROM `category` WHERE `status` = 1 ORDER BY `pid`,`sort`  [ RunTime:0.0000s ]
SQL: SHOW COLUMNS FROM `model` [ RunTime:0.0140s ]
SQL: SELECT * FROM `model` WHERE `name` = 'document' LIMIT 1   [ RunTime:0.0010s ]
SQL: SHOW COLUMNS FROM `document` [ RunTime:0.0050s ]
SQL: SELECT COUNT(*) AS tp_count FROM document DOCUMENT WHERE `status` IN ('0','1','2') AND `pid` = 0 LIMIT 1   [ RunTime:0.0000s ]
SQL: SELECT `id`,`title`,`type`,`update_time`,`status`,`view`,`category_id`,`model_id`,`pid` FROM document DOCUMENT WHERE `status` IN ('0','1','2') AND `pid` = 0 ORDER BY `level` DESC,DOCUMENT.id DESC LIMIT 0,10   [ RunTime:0.0080s ]
SQL: SELECT `extend` FROM `model` WHERE `id` = 1 LIMIT 1   [ RunTime:0.0010s ]
SQL: SHOW COLUMNS FROM `attribute` [ RunTime:0.0170s ]
SQL: SELECT `id`,`name`,`type`,`extra` FROM `attribute` WHERE `model_id` = 1  [ RunTime:0.0010s ]
NOTIC: [8] Undefined variable: groups D:\server\Apache\htdocs\onethink-master\wwwroot\Application\Admin\Controller\ArticleController.class.php 第 231 行.
INFO: [ view_parse ] --START--
INFO: [ template_filter ] --START--
INFO: Run Behavior\ContentReplaceBehavior [ RunTime:0.000000s ]
INFO: [ template_filter ] --END-- [ RunTime:0.000000s ]
INFO: Run Behavior\ParseTemplateBehavior [ RunTime:0.034002s ]
INFO: [ view_parse ] --END-- [ RunTime:0.034002s ]
INFO: [ view_filter ] --START--
INFO: Run Behavior\WriteHtmlCacheBehavior [ RunTime:0.001000s ]
INFO: [ view_filter ] --END-- [ RunTime:0.001000s ]
INFO: [ app_end ] --START--
INFO: Run Behavior\ShowPageTraceBehavior [ RunTime:0.001000s ]
INFO: [ app_end ] --END-- [ RunTime:0.001000s ]

[ 2017-07-10T10:43:39+08:00 ] 127.0.0.1 /admin.php?s=/Config/group.html
INFO: [ app_init ] --START--
INFO: Run Behavior\BuildLiteBehavior [ RunTime:0.000000s ]
INFO: Run Common\Behavior\InitHookBehavior [ RunTime:0.003000s ]
INFO: [ app_init ] --END-- [ RunTime:0.003000s ]
INFO: [ app_begin ] --START--
INFO: Run Behavior\ReadHtmlCacheBehavior [ RunTime:0.000000s ]
INFO: [ app_begin ] --END-- [ RunTime:0.000000s ]
SQL: SHOW COLUMNS FROM `config` [ RunTime:0.0060s ]
SQL: SELECT `id`,`name`,`title`,`extra`,`value`,`remark`,`type` FROM `config` WHERE `status` = 1 AND `group` = 1 ORDER BY `sort`  [ RunTime:0.0010s ]
INFO: [ view_parse ] --START--
INFO: [ template_filter ] --START--
INFO: Run Behavior\ContentReplaceBehavior [ RunTime:0.000000s ]
INFO: [ template_filter ] --END-- [ RunTime:0.001000s ]
INFO: Run Behavior\ParseTemplateBehavior [ RunTime:0.017001s ]
INFO: [ view_parse ] --END-- [ RunTime:0.017001s ]
INFO: [ view_filter ] --START--
INFO: Run Behavior\WriteHtmlCacheBehavior [ RunTime:0.001000s ]
INFO: [ view_filter ] --END-- [ RunTime:0.001000s ]
INFO: [ app_end ] --START--
INFO: Run Behavior\ShowPageTraceBehavior [ RunTime:0.001000s ]
INFO: [ app_end ] --END-- [ RunTime:0.001000s ]

[ 2017-07-10T10:43:40+08:00 ] 127.0.0.1 /admin.php?s=/Menu/index.html
INFO: [ app_init ] --START--
INFO: Run Behavior\BuildLiteBehavior [ RunTime:0.000000s ]
INFO: Run Common\Behavior\InitHookBehavior [ RunTime:0.002000s ]
INFO: [ app_init ] --END-- [ RunTime:0.002000s ]
INFO: [ app_begin ] --START--
INFO: Run Behavior\ReadHtmlCacheBehavior [ RunTime:0.000000s ]
INFO: [ app_begin ] --END-- [ RunTime:0.000000s ]
SQL: SHOW COLUMNS FROM `menu` [ RunTime:0.0070s ]
SQL: SELECT `id`,`title`,`url` FROM `menu` WHERE `pid` = 0 AND `hide` = 0 ORDER BY `sort` asc  [ RunTime:0.0000s ]
SQL: SELECT `pid` FROM `menu` WHERE ( pid !=0 AND url like '%Menu/index%' ) LIMIT 1   [ RunTime:0.0000s ]
SQL: SELECT * FROM `menu` WHERE `id` = 68 LIMIT 1   [ RunTime:0.0010s ]
SQL: SELECT DISTINCT  `group` FROM `menu` WHERE `group` <> '' AND `pid` = 68  [ RunTime:0.0010s ]
SQL: SELECT `id`,`url` FROM `menu` WHERE `pid` = 68 AND `hide` = 0  [ RunTime:0.0000s ]
SQL: SELECT `id`,`pid`,`title`,`url`,`tip` FROM `menu` WHERE `group` = '系统设置' AND `pid` = 68 AND `hide` = 0 ORDER BY `sort` asc  [ RunTime:0.0010s ]
SQL: SELECT `id`,`pid`,`title`,`url`,`tip` FROM `menu` WHERE `group` = '数据备份' AND `pid` = 68 AND `hide` = 0 ORDER BY `sort` asc  [ RunTime:0.0000s ]
SQL: SELECT `id`,`title` FROM `menu`  [ RunTime:0.0010s ]
SQL: SELECT `id`,`title`,`pid`,`sort`,`url`,`hide`,`tip`,`group`,`is_dev`,`status` FROM `menu` WHERE `pid` = 0 ORDER BY `sort` asc,`id` asc  [ RunTime:0.0010s ]
INFO: [ view_parse ] --START--
INFO: [ template_filter ] --START--
INFO: Run Behavior\ContentReplaceBehavior [ RunTime:0.000000s ]
INFO: [ template_filter ] --END-- [ RunTime:0.000000s ]
INFO: Run Behavior\ParseTemplateBehavior [ RunTime:0.017001s ]
INFO: [ view_parse ] --END-- [ RunTime:0.018001s ]
INFO: [ view_filter ] --START--
INFO: Run Behavior\WriteHtmlCacheBehavior [ RunTime:0.000000s ]
INFO: [ view_filter ] --END-- [ RunTime:0.000000s ]
INFO: [ app_end ] --START--
INFO: Run Behavior\ShowPageTraceBehavior [ RunTime:0.001000s ]
INFO: [ app_end ] --END-- [ RunTime:0.001000s ]

[ 2017-07-10T10:43:42+08:00 ] 127.0.0.1 /admin.php?s=/Menu/index/pid/126.html
INFO: [ app_init ] --START--
INFO: Run Behavior\BuildLiteBehavior [ RunTime:0.000000s ]
INFO: Run Common\Behavior\InitHookBehavior [ RunTime:0.003000s ]
INFO: [ app_init ] --END-- [ RunTime:0.004000s ]
INFO: [ app_begin ] --START--
INFO: Run Behavior\ReadHtmlCacheBehavior [ RunTime:0.001000s ]
INFO: [ app_begin ] --END-- [ RunTime:0.001000s ]
SQL: SHOW COLUMNS FROM `menu` [ RunTime:0.0060s ]
SQL: SELECT `id`,`title`,`pid`,`sort`,`url`,`hide`,`tip`,`group`,`is_dev`,`status` FROM `menu` WHERE ( id=126 ) LIMIT 1   [ RunTime:0.0010s ]
SQL: SELECT `id`,`title` FROM `menu`  [ RunTime:0.0010s ]
SQL: SELECT `id`,`title`,`pid`,`sort`,`url`,`hide`,`tip`,`group`,`is_dev`,`status` FROM `menu` WHERE `pid` = 126 ORDER BY `sort` asc,`id` asc  [ RunTime:0.0000s ]
INFO: [ view_parse ] --START--
INFO: [ template_filter ] --START--
INFO: Run Behavior\ContentReplaceBehavior [ RunTime:0.000000s ]
INFO: [ template_filter ] --END-- [ RunTime:0.000000s ]
INFO: Run Behavior\ParseTemplateBehavior [ RunTime:0.018001s ]
INFO: [ view_parse ] --END-- [ RunTime:0.018001s ]
INFO: [ view_filter ] --START--
INFO: Run Behavior\WriteHtmlCacheBehavior [ RunTime:0.001000s ]
INFO: [ view_filter ] --END-- [ RunTime:0.001000s ]
INFO: [ app_end ] --START--
INFO: Run Behavior\ShowPageTraceBehavior [ RunTime:0.001000s ]
INFO: [ app_end ] --END-- [ RunTime:0.001000s ]

[ 2017-07-10T10:43:45+08:00 ] 127.0.0.1 /admin.php?s=/Menu/edit/id/128.html
INFO: [ app_init ] --START--
INFO: Run Behavior\BuildLiteBehavior [ RunTime:0.000000s ]
INFO: Run Common\Behavior\InitHookBehavior [ RunTime:0.001000s ]
INFO: [ app_init ] --END-- [ RunTime:0.002000s ]
INFO: [ app_begin ] --START--
INFO: Run Behavior\ReadHtmlCacheBehavior [ RunTime:0.001001s ]
INFO: [ app_begin ] --END-- [ RunTime:0.001001s ]
SQL: SHOW COLUMNS FROM `menu` [ RunTime:0.0060s ]
SQL: SELECT `id`,`title`,`pid`,`sort`,`url`,`hide`,`tip`,`group`,`is_dev`,`status` FROM `menu` WHERE `id` = 128 LIMIT 1   [ RunTime:0.0010s ]
SQL: SELECT `id`,`title`,`pid`,`sort`,`url`,`hide`,`tip`,`group`,`is_dev`,`status` FROM `menu`  [ RunTime:0.0010s ]
INFO: [ view_parse ] --START--
INFO: [ template_filter ] --START--
INFO: Run Behavior\ContentReplaceBehavior [ RunTime:0.000000s ]
INFO: [ template_filter ] --END-- [ RunTime:0.000000s ]
INFO: Run Behavior\ParseTemplateBehavior [ RunTime:0.015001s ]
INFO: [ view_parse ] --END-- [ RunTime:0.015001s ]
INFO: [ view_filter ] --START--
INFO: Run Behavior\WriteHtmlCacheBehavior [ RunTime:0.000000s ]
INFO: [ view_filter ] --END-- [ RunTime:0.000000s ]
INFO: [ app_end ] --START--
INFO: Run Behavior\ShowPageTraceBehavior [ RunTime:0.000000s ]
INFO: [ app_end ] --END-- [ RunTime:0.001000s ]

[ 2017-07-10T10:43:51+08:00 ] 127.0.0.1 /admin.php?s=/Menu/edit.html
INFO: [ app_init ] --START--
INFO: Run Behavior\BuildLiteBehavior [ RunTime:0.000000s ]
INFO: Run Common\Behavior\InitHookBehavior [ RunTime:0.002000s ]
INFO: [ app_init ] --END-- [ RunTime:0.002000s ]
INFO: [ app_begin ] --START--
INFO: Run Behavior\ReadHtmlCacheBehavior [ RunTime:0.001000s ]
INFO: [ app_begin ] --END-- [ RunTime:0.001000s ]
SQL: SHOW COLUMNS FROM `menu` [ RunTime:0.0070s ]
SQL: UPDATE `menu` SET `title`='保修管理',`sort`='2',`url`='Repair/index',`pid`='126',`group`='管理中心',`hide`='0',`is_dev`='0',`tip`='' WHERE `id` = 128 [ RunTime:0.0010s ]
SQL: SHOW COLUMNS FROM `action` [ RunTime:0.0060s ]
SQL: SELECT * FROM `action` WHERE `name` = 'update_menu' LIMIT 1   [ RunTime:0.0000s ]
SQL: SHOW COLUMNS FROM `action_log` [ RunTime:0.0070s ]
SQL: INSERT INTO `action_log` (`action_id`,`user_id`,`action_ip`,`model`,`record_id`,`create_time`,`remark`) VALUES ('10','1','2130706433','Menu','128','1499654631','操作url：/admin.php?s=/Menu/edit.html') [ RunTime:0.0010s ]

[ 2017-07-10T10:43:53+08:00 ] 127.0.0.1 /admin.php?s=/Family/index.html
INFO: [ app_init ] --START--
INFO: Run Behavior\BuildLiteBehavior [ RunTime:0.000000s ]
INFO: Run Common\Behavior\InitHookBehavior [ RunTime:0.002000s ]
INFO: [ app_init ] --END-- [ RunTime:0.002000s ]
INFO: [ app_begin ] --START--
INFO: Run Behavior\ReadHtmlCacheBehavior [ RunTime:0.001000s ]
INFO: [ app_begin ] --END-- [ RunTime:0.001000s ]
SQL: SHOW COLUMNS FROM `menu` [ RunTime:0.0070s ]
SQL: SELECT `id`,`title`,`url` FROM `menu` WHERE `pid` = 0 AND `hide` = 0 ORDER BY `sort` asc  [ RunTime:0.0000s ]
SQL: SELECT `pid` FROM `menu` WHERE ( pid !=0 AND url like '%Family/index%' ) LIMIT 1   [ RunTime:0.0010s ]
SQL: SELECT * FROM `menu` WHERE `id` = 126 LIMIT 1   [ RunTime:0.0000s ]
SQL: SELECT DISTINCT  `group` FROM `menu` WHERE `group` <> '' AND `pid` = 126  [ RunTime:0.0000s ]
SQL: SELECT `id`,`url` FROM `menu` WHERE `pid` = 126 AND `hide` = 0  [ RunTime:0.0010s ]
SQL: SELECT `id`,`pid`,`title`,`url`,`tip` FROM `menu` WHERE `group` = '管理中心' AND `pid` = 126 AND `hide` = 0 ORDER BY `sort` asc  [ RunTime:0.0000s ]
SQL: SHOW COLUMNS FROM `family` [ RunTime:0.0070s ]
SQL: SELECT COUNT(*) AS tp_count FROM `family` LIMIT 1   [ RunTime:0.0000s ]
SQL: SELECT * FROM `family` WHERE ( status=1 ) ORDER BY `end_time` LIMIT 0,3   [ RunTime:0.0010s ]
INFO: [ view_parse ] --START--
INFO: [ template_filter ] --START--
INFO: Run Behavior\ContentReplaceBehavior [ RunTime:0.000000s ]
INFO: [ template_filter ] --END-- [ RunTime:0.000000s ]
NOTIC: [8] Undefined variable: meta_title D:\server\Apache\htdocs\onethink-master\wwwroot\Runtime\Cache\Admin\1388e2f83ae59d99068f075caa2078ba.php 第 5 行.
NOTIC: [8] Undefined variable: channel D:\server\Apache\htdocs\onethink-master\wwwroot\Runtime\Cache\Admin\1388e2f83ae59d99068f075caa2078ba.php 第 127 行.
NOTIC: [8] Undefined variable: pid D:\server\Apache\htdocs\onethink-master\wwwroot\Runtime\Cache\Admin\1388e2f83ae59d99068f075caa2078ba.php 第 137 行.
NOTIC: [8] Undefined variable: channel D:\server\Apache\htdocs\onethink-master\wwwroot\Runtime\Cache\Admin\1388e2f83ae59d99068f075caa2078ba.php 第 127 行.
NOTIC: [8] Undefined variable: pid D:\server\Apache\htdocs\onethink-master\wwwroot\Runtime\Cache\Admin\1388e2f83ae59d99068f075caa2078ba.php 第 137 行.
NOTIC: [8] Undefined variable: channel D:\server\Apache\htdocs\onethink-master\wwwroot\Runtime\Cache\Admin\1388e2f83ae59d99068f075caa2078ba.php 第 127 行.
NOTIC: [8] Undefined variable: pid D:\server\Apache\htdocs\onethink-master\wwwroot\Runtime\Cache\Admin\1388e2f83ae59d99068f075caa2078ba.php 第 137 行.
INFO: Run Behavior\ParseTemplateBehavior [ RunTime:0.015000s ]
INFO: [ view_parse ] --END-- [ RunTime:0.015000s ]
INFO: [ view_filter ] --START--
INFO: Run Behavior\WriteHtmlCacheBehavior [ RunTime:0.001000s ]
INFO: [ view_filter ] --END-- [ RunTime:0.001000s ]
INFO: [ app_end ] --START--
INFO: Run Behavior\ShowPageTraceBehavior [ RunTime:0.001000s ]
INFO: [ app_end ] --END-- [ RunTime:0.001000s ]

[ 2017-07-10T10:43:54+08:00 ] 127.0.0.1 /admin.php?s=/Repair/index.html
INFO: [ app_init ] --START--
INFO: Run Behavior\BuildLiteBehavior [ RunTime:0.000000s ]
INFO: Run Common\Behavior\InitHookBehavior [ RunTime:0.002000s ]
INFO: [ app_init ] --END-- [ RunTime:0.003001s ]
INFO: [ app_begin ] --START--
INFO: Run Behavior\ReadHtmlCacheBehavior [ RunTime:0.001000s ]
INFO: [ app_begin ] --END-- [ RunTime:0.001000s ]
ERR: 无法加载控制器:Repair

[ 2017-07-10T10:43:56+08:00 ] 127.0.0.1 /admin.php?s=/Repair/index.html
INFO: [ app_init ] --START--
INFO: Run Behavior\BuildLiteBehavior [ RunTime:0.000000s ]
INFO: Run Common\Behavior\InitHookBehavior [ RunTime:0.002000s ]
INFO: [ app_init ] --END-- [ RunTime:0.003000s ]
INFO: [ app_begin ] --START--
INFO: Run Behavior\ReadHtmlCacheBehavior [ RunTime:0.001000s ]
INFO: [ app_begin ] --END-- [ RunTime:0.001000s ]
ERR: 无法加载控制器:Repair

[ 2017-07-10T10:43:56+08:00 ] 127.0.0.1 /admin.php?s=/Repair/index.html
INFO: [ app_init ] --START--
INFO: Run Behavior\BuildLiteBehavior [ RunTime:0.000000s ]
INFO: Run Common\Behavior\InitHookBehavior [ RunTime:0.001000s ]
INFO: [ app_init ] --END-- [ RunTime:0.003000s ]
INFO: [ app_begin ] --START--
INFO: Run Behavior\ReadHtmlCacheBehavior [ RunTime:0.000000s ]
INFO: [ app_begin ] --END-- [ RunTime:0.000000s ]
ERR: 无法加载控制器:Repair

[ 2017-07-10T10:43:56+08:00 ] 127.0.0.1 /admin.php?s=/Repair/index.html
INFO: [ app_init ] --START--
INFO: Run Behavior\BuildLiteBehavior [ RunTime:0.000000s ]
INFO: Run Common\Behavior\InitHookBehavior [ RunTime:0.001000s ]
INFO: [ app_init ] --END-- [ RunTime:0.002000s ]
INFO: [ app_begin ] --START--
INFO: Run Behavior\ReadHtmlCacheBehavior [ RunTime:0.001000s ]
INFO: [ app_begin ] --END-- [ RunTime:0.001000s ]
ERR: 无法加载控制器:Repair

[ 2017-07-10T10:43:57+08:00 ] 127.0.0.1 /admin.php?s=/Repair/index.html
INFO: [ app_init ] --START--
INFO: Run Behavior\BuildLiteBehavior [ RunTime:0.000000s ]
INFO: Run Common\Behavior\InitHookBehavior [ RunTime:0.003000s ]
INFO: [ app_init ] --END-- [ RunTime:0.003000s ]
INFO: [ app_begin ] --START--
INFO: Run Behavior\ReadHtmlCacheBehavior [ RunTime:0.001000s ]
INFO: [ app_begin ] --END-- [ RunTime:0.001000s ]
ERR: 无法加载控制器:Repair

[ 2017-07-10T10:45:00+08:00 ] 127.0.0.1 /admin.php?s=/Family/index.html
INFO: [ app_init ] --START--
INFO: Run Behavior\BuildLiteBehavior [ RunTime:0.000000s ]
INFO: Run Common\Behavior\InitHookBehavior [ RunTime:0.004001s ]
INFO: [ app_init ] --END-- [ RunTime:0.004001s ]
INFO: [ app_begin ] --START--
INFO: Run Behavior\ReadHtmlCacheBehavior [ RunTime:0.001000s ]
INFO: [ app_begin ] --END-- [ RunTime:0.001000s ]
SQL: SHOW COLUMNS FROM `family` [ RunTime:0.0060s ]
SQL: SELECT COUNT(*) AS tp_count FROM `family` LIMIT 1   [ RunTime:0.0010s ]
SQL: SELECT * FROM `family` WHERE ( status=1 ) ORDER BY `end_time` LIMIT 0,3   [ RunTime:0.0000s ]
INFO: [ view_parse ] --START--
INFO: [ template_filter ] --START--
INFO: Run Behavior\ContentReplaceBehavior [ RunTime:0.000000s ]
INFO: [ template_filter ] --END-- [ RunTime:0.000000s ]
NOTIC: [8] Undefined variable: meta_title D:\server\Apache\htdocs\onethink-master\wwwroot\Runtime\Cache\Admin\1388e2f83ae59d99068f075caa2078ba.php 第 5 行.
NOTIC: [8] Undefined variable: channel D:\server\Apache\htdocs\onethink-master\wwwroot\Runtime\Cache\Admin\1388e2f83ae59d99068f075caa2078ba.php 第 127 行.
NOTIC: [8] Undefined variable: pid D:\server\Apache\htdocs\onethink-master\wwwroot\Runtime\Cache\Admin\1388e2f83ae59d99068f075caa2078ba.php 第 137 行.
NOTIC: [8] Undefined variable: channel D:\server\Apache\htdocs\onethink-master\wwwroot\Runtime\Cache\Admin\1388e2f83ae59d99068f075caa2078ba.php 第 127 行.
NOTIC: [8] Undefined variable: pid D:\server\Apache\htdocs\onethink-master\wwwroot\Runtime\Cache\Admin\1388e2f83ae59d99068f075caa2078ba.php 第 137 行.
NOTIC: [8] Undefined variable: channel D:\server\Apache\htdocs\onethink-master\wwwroot\Runtime\Cache\Admin\1388e2f83ae59d99068f075caa2078ba.php 第 127 行.
NOTIC: [8] Undefined variable: pid D:\server\Apache\htdocs\onethink-master\wwwroot\Runtime\Cache\Admin\1388e2f83ae59d99068f075caa2078ba.php 第 137 行.
INFO: Run Behavior\ParseTemplateBehavior [ RunTime:0.013001s ]
INFO: [ view_parse ] --END-- [ RunTime:0.013001s ]
INFO: [ view_filter ] --START--
INFO: Run Behavior\WriteHtmlCacheBehavior [ RunTime:0.001000s ]
INFO: [ view_filter ] --END-- [ RunTime:0.001000s ]
INFO: [ app_end ] --START--
INFO: Run Behavior\ShowPageTraceBehavior [ RunTime:0.000000s ]
INFO: [ app_end ] --END-- [ RunTime:0.000000s ]

[ 2017-07-10T10:45:01+08:00 ] 127.0.0.1 /admin.php?s=/Repair/index.html
INFO: [ app_init ] --START--
INFO: Run Behavior\BuildLiteBehavior [ RunTime:0.000000s ]
INFO: Run Common\Behavior\InitHookBehavior [ RunTime:0.002000s ]
INFO: [ app_init ] --END-- [ RunTime:0.003000s ]
INFO: [ app_begin ] --START--
INFO: Run Behavior\ReadHtmlCacheBehavior [ RunTime:0.000000s ]
INFO: [ app_begin ] --END-- [ RunTime:0.000000s ]
SQL: SHOW COLUMNS FROM `menu` [ RunTime:0.0060s ]
SQL: SELECT `id`,`title`,`url` FROM `menu` WHERE `pid` = 0 AND `hide` = 0 ORDER BY `sort` asc  [ RunTime:0.0000s ]
SQL: SELECT `pid` FROM `menu` WHERE ( pid !=0 AND url like '%Repair/index%' ) LIMIT 1   [ RunTime:0.0010s ]
SQL: SELECT * FROM `menu` WHERE `id` = 126 LIMIT 1   [ RunTime:0.0010s ]
SQL: SELECT DISTINCT  `group` FROM `menu` WHERE `group` <> '' AND `pid` = 126  [ RunTime:0.0010s ]
SQL: SELECT `id`,`url` FROM `menu` WHERE `pid` = 126 AND `hide` = 0  [ RunTime:0.0000s ]
SQL: SELECT `id`,`pid`,`title`,`url`,`tip` FROM `menu` WHERE `group` = '管理中心' AND `pid` = 126 AND `hide` = 0 ORDER BY `sort` asc  [ RunTime:0.0010s ]
SQL: SHOW COLUMNS FROM `repair` [ RunTime:0.0060s ]
SQL: SELECT COUNT(*) AS tp_count FROM `repair` LIMIT 1   [ RunTime:0.0000s ]
NOTIC: [2] Missing argument 1 for Think\Model::limit(), called in D:\server\Apache\htdocs\onethink-master\wwwroot\Application\Admin\Controller\RepairController.class.php on line 18 and defined D:\server\Apache\htdocs\onethink-master\wwwroot\ThinkPHP\Library\Think\Model.class.php 第 2035 行.
NOTIC: [8] Undefined variable: offset D:\server\Apache\htdocs\onethink-master\wwwroot\ThinkPHP\Library\Think\Model.class.php 第 2037 行.
NOTIC: [8] Undefined variable: offset D:\server\Apache\htdocs\onethink-master\wwwroot\ThinkPHP\Library\Think\Model.class.php 第 2040 行.
ERR: 1054:Unknown column 'time' in 'order clause'
 [ SQL语句 ] : SELECT * FROM `repair` ORDER BY `time` 
ERR: 1054:Unknown column 'time' in 'order clause'
 [ SQL语句 ] : SELECT * FROM `repair` ORDER BY `time` 

[ 2017-07-10T10:47:00+08:00 ] 127.0.0.1 /admin.php?s=/Repair/index.html
INFO: [ app_init ] --START--
INFO: Run Behavior\BuildLiteBehavior [ RunTime:0.000000s ]
INFO: Run Common\Behavior\InitHookBehavior [ RunTime:0.002001s ]
INFO: [ app_init ] --END-- [ RunTime:0.003001s ]
INFO: [ app_begin ] --START--
INFO: Run Behavior\ReadHtmlCacheBehavior [ RunTime:0.000000s ]
INFO: [ app_begin ] --END-- [ RunTime:0.001000s ]
SQL: SHOW COLUMNS FROM `repair` [ RunTime:0.0060s ]
SQL: SELECT COUNT(*) AS tp_count FROM `repair` LIMIT 1   [ RunTime:0.0000s ]
NOTIC: [2] Missing argument 1 for Think\Model::limit(), called in D:\server\Apache\htdocs\onethink-master\wwwroot\Application\Admin\Controller\RepairController.class.php on line 18 and defined D:\server\Apache\htdocs\onethink-master\wwwroot\ThinkPHP\Library\Think\Model.class.php 第 2035 行.
NOTIC: [8] Undefined variable: offset D:\server\Apache\htdocs\onethink-master\wwwroot\ThinkPHP\Library\Think\Model.class.php 第 2037 行.
NOTIC: [8] Undefined variable: offset D:\server\Apache\htdocs\onethink-master\wwwroot\ThinkPHP\Library\Think\Model.class.php 第 2040 行.
ERR: 1054:Unknown column 'time' in 'order clause'
 [ SQL语句 ] : SELECT * FROM `repair` ORDER BY `time` 
ERR: 1054:Unknown column 'time' in 'order clause'
 [ SQL语句 ] : SELECT * FROM `repair` ORDER BY `time` 

[ 2017-07-10T10:47:00+08:00 ] 127.0.0.1 /admin.php?s=/Repair/index.html
INFO: [ app_init ] --START--
INFO: Run Behavior\BuildLiteBehavior [ RunTime:0.000000s ]
INFO: Run Common\Behavior\InitHookBehavior [ RunTime:0.003000s ]
INFO: [ app_init ] --END-- [ RunTime:0.003000s ]
INFO: [ app_begin ] --START--
INFO: Run Behavior\ReadHtmlCacheBehavior [ RunTime:0.001000s ]
INFO: [ app_begin ] --END-- [ RunTime:0.001000s ]
SQL: SHOW COLUMNS FROM `repair` [ RunTime:0.0050s ]
SQL: SELECT COUNT(*) AS tp_count FROM `repair` LIMIT 1   [ RunTime:0.0000s ]
NOTIC: [2] Missing argument 1 for Think\Model::limit(), called in D:\server\Apache\htdocs\onethink-master\wwwroot\Application\Admin\Controller\RepairController.class.php on line 18 and defined D:\server\Apache\htdocs\onethink-master\wwwroot\ThinkPHP\Library\Think\Model.class.php 第 2035 行.
NOTIC: [8] Undefined variable: offset D:\server\Apache\htdocs\onethink-master\wwwroot\ThinkPHP\Library\Think\Model.class.php 第 2037 行.
NOTIC: [8] Undefined variable: offset D:\server\Apache\htdocs\onethink-master\wwwroot\ThinkPHP\Library\Think\Model.class.php 第 2040 行.
ERR: 1054:Unknown column 'time' in 'order clause'
 [ SQL语句 ] : SELECT * FROM `repair` ORDER BY `time` 
ERR: 1054:Unknown column 'time' in 'order clause'
 [ SQL语句 ] : SELECT * FROM `repair` ORDER BY `time` 

[ 2017-07-10T10:47:12+08:00 ] 127.0.0.1 /admin.php?s=/Repair/index.html
INFO: [ app_init ] --START--
INFO: Run Behavior\BuildLiteBehavior [ RunTime:0.000000s ]
INFO: Run Common\Behavior\InitHookBehavior [ RunTime:0.002000s ]
INFO: [ app_init ] --END-- [ RunTime:0.003000s ]
INFO: [ app_begin ] --START--
INFO: Run Behavior\ReadHtmlCacheBehavior [ RunTime:0.000000s ]
INFO: [ app_begin ] --END-- [ RunTime:0.001000s ]
SQL: SHOW COLUMNS FROM `repair` [ RunTime:0.0070s ]
SQL: SELECT COUNT(*) AS tp_count FROM `repair` LIMIT 1   [ RunTime:0.0000s ]
NOTIC: [2] Missing argument 1 for Think\Model::limit(), called in D:\server\Apache\htdocs\onethink-master\wwwroot\Application\Admin\Controller\RepairController.class.php on line 18 and defined D:\server\Apache\htdocs\onethink-master\wwwroot\ThinkPHP\Library\Think\Model.class.php 第 2035 行.
NOTIC: [8] Undefined variable: offset D:\server\Apache\htdocs\onethink-master\wwwroot\ThinkPHP\Library\Think\Model.class.php 第 2037 行.
NOTIC: [8] Undefined variable: offset D:\server\Apache\htdocs\onethink-master\wwwroot\ThinkPHP\Library\Think\Model.class.php 第 2040 行.
SQL: SELECT * FROM `repair` ORDER BY `create_time`  [ RunTime:0.0000s ]
INFO: [ view_parse ] --START--
INFO: [ template_filter ] --START--
INFO: Run Behavior\ContentReplaceBehavior [ RunTime:0.001000s ]
INFO: [ template_filter ] --END-- [ RunTime:0.001000s ]
NOTIC: [8] Undefined variable: meta_title D:\server\Apache\htdocs\onethink-master\wwwroot\Runtime\Cache\Admin\bebbb551f58430e1d7154d620e287755.php 第 5 行.
NOTIC: [8] Undefined variable: page D:\server\Apache\htdocs\onethink-master\wwwroot\Runtime\Cache\Admin\bebbb551f58430e1d7154d620e287755.php 第 139 行.
INFO: Run Behavior\ParseTemplateBehavior [ RunTime:0.014001s ]
INFO: [ view_parse ] --END-- [ RunTime:0.014001s ]
INFO: [ view_filter ] --START--
INFO: Run Behavior\WriteHtmlCacheBehavior [ RunTime:0.001000s ]
INFO: [ view_filter ] --END-- [ RunTime:0.001000s ]
INFO: [ app_end ] --START--
INFO: Run Behavior\ShowPageTraceBehavior [ RunTime:0.001000s ]
INFO: [ app_end ] --END-- [ RunTime:0.001000s ]

[ 2017-07-10T10:47:13+08:00 ] 127.0.0.1 /admin.php?s=/Repair/index.html
INFO: [ app_init ] --START--
INFO: Run Behavior\BuildLiteBehavior [ RunTime:0.000000s ]
INFO: Run Common\Behavior\InitHookBehavior [ RunTime:0.002000s ]
INFO: [ app_init ] --END-- [ RunTime:0.002000s ]
INFO: [ app_begin ] --START--
INFO: Run Behavior\ReadHtmlCacheBehavior [ RunTime:0.000000s ]
INFO: [ app_begin ] --END-- [ RunTime:0.000000s ]
SQL: SHOW COLUMNS FROM `repair` [ RunTime:0.0050s ]
SQL: SELECT COUNT(*) AS tp_count FROM `repair` LIMIT 1   [ RunTime:0.0010s ]
NOTIC: [2] Missing argument 1 for Think\Model::limit(), called in D:\server\Apache\htdocs\onethink-master\wwwroot\Application\Admin\Controller\RepairController.class.php on line 18 and defined D:\server\Apache\htdocs\onethink-master\wwwroot\ThinkPHP\Library\Think\Model.class.php 第 2035 行.
NOTIC: [8] Undefined variable: offset D:\server\Apache\htdocs\onethink-master\wwwroot\ThinkPHP\Library\Think\Model.class.php 第 2037 行.
NOTIC: [8] Undefined variable: offset D:\server\Apache\htdocs\onethink-master\wwwroot\ThinkPHP\Library\Think\Model.class.php 第 2040 行.
SQL: SELECT * FROM `repair` ORDER BY `create_time`  [ RunTime:0.0000s ]
INFO: [ view_parse ] --START--
INFO: [ template_filter ] --START--
INFO: Run Behavior\ContentReplaceBehavior [ RunTime:0.000000s ]
INFO: [ template_filter ] --END-- [ RunTime:0.000000s ]
NOTIC: [8] Undefined variable: meta_title D:\server\Apache\htdocs\onethink-master\wwwroot\Runtime\Cache\Admin\bebbb551f58430e1d7154d620e287755.php 第 5 行.
NOTIC: [8] Undefined variable: page D:\server\Apache\htdocs\onethink-master\wwwroot\Runtime\Cache\Admin\bebbb551f58430e1d7154d620e287755.php 第 139 行.
INFO: Run Behavior\ParseTemplateBehavior [ RunTime:0.014001s ]
INFO: [ view_parse ] --END-- [ RunTime:0.015001s ]
INFO: [ view_filter ] --START--
INFO: Run Behavior\WriteHtmlCacheBehavior [ RunTime:0.000000s ]
INFO: [ view_filter ] --END-- [ RunTime:0.000000s ]
INFO: [ app_end ] --START--
INFO: Run Behavior\ShowPageTraceBehavior [ RunTime:0.000000s ]
INFO: [ app_end ] --END-- [ RunTime:0.000000s ]

[ 2017-07-10T10:47:13+08:00 ] 127.0.0.1 /admin.php?s=/Repair/index.html
INFO: [ app_init ] --START--
INFO: Run Behavior\BuildLiteBehavior [ RunTime:0.000000s ]
INFO: Run Common\Behavior\InitHookBehavior [ RunTime:0.003000s ]
INFO: [ app_init ] --END-- [ RunTime:0.003000s ]
INFO: [ app_begin ] --START--
INFO: Run Behavior\ReadHtmlCacheBehavior [ RunTime:0.001000s ]
INFO: [ app_begin ] --END-- [ RunTime:0.001000s ]
SQL: SHOW COLUMNS FROM `repair` [ RunTime:0.0070s ]
SQL: SELECT COUNT(*) AS tp_count FROM `repair` LIMIT 1   [ RunTime:0.0010s ]
NOTIC: [2] Missing argument 1 for Think\Model::limit(), called in D:\server\Apache\htdocs\onethink-master\wwwroot\Application\Admin\Controller\RepairController.class.php on line 18 and defined D:\server\Apache\htdocs\onethink-master\wwwroot\ThinkPHP\Library\Think\Model.class.php 第 2035 行.
NOTIC: [8] Undefined variable: offset D:\server\Apache\htdocs\onethink-master\wwwroot\ThinkPHP\Library\Think\Model.class.php 第 2037 行.
NOTIC: [8] Undefined variable: offset D:\server\Apache\htdocs\onethink-master\wwwroot\ThinkPHP\Library\Think\Model.class.php 第 2040 行.
SQL: SELECT * FROM `repair` ORDER BY `create_time`  [ RunTime:0.0000s ]
INFO: [ view_parse ] --START--
INFO: [ template_filter ] --START--
INFO: Run Behavior\ContentReplaceBehavior [ RunTime:0.000000s ]
INFO: [ template_filter ] --END-- [ RunTime:0.001000s ]
NOTIC: [8] Undefined variable: meta_title D:\server\Apache\htdocs\onethink-master\wwwroot\Runtime\Cache\Admin\bebbb551f58430e1d7154d620e287755.php 第 5 行.
NOTIC: [8] Undefined variable: page D:\server\Apache\htdocs\onethink-master\wwwroot\Runtime\Cache\Admin\bebbb551f58430e1d7154d620e287755.php 第 139 行.
INFO: Run Behavior\ParseTemplateBehavior [ RunTime:0.014001s ]
INFO: [ view_parse ] --END-- [ RunTime:0.015001s ]
INFO: [ view_filter ] --START--
INFO: Run Behavior\WriteHtmlCacheBehavior [ RunTime:0.001000s ]
INFO: [ view_filter ] --END-- [ RunTime:0.001000s ]
INFO: [ app_end ] --START--
INFO: Run Behavior\ShowPageTraceBehavior [ RunTime:0.001000s ]
INFO: [ app_end ] --END-- [ RunTime:0.001000s ]

[ 2017-07-10T10:47:13+08:00 ] 127.0.0.1 /admin.php?s=/Repair/index.html
INFO: [ app_init ] --START--
INFO: Run Behavior\BuildLiteBehavior [ RunTime:0.000000s ]
INFO: Run Common\Behavior\InitHookBehavior [ RunTime:0.002000s ]
INFO: [ app_init ] --END-- [ RunTime:0.002000s ]
INFO: [ app_begin ] --START--
INFO: Run Behavior\ReadHtmlCacheBehavior [ RunTime:0.001000s ]
INFO: [ app_begin ] --END-- [ RunTime:0.001000s ]
SQL: SHOW COLUMNS FROM `repair` [ RunTime:0.0070s ]
SQL: SELECT COUNT(*) AS tp_count FROM `repair` LIMIT 1   [ RunTime:0.0000s ]
NOTIC: [2] Missing argument 1 for Think\Model::limit(), called in D:\server\Apache\htdocs\onethink-master\wwwroot\Application\Admin\Controller\RepairController.class.php on line 18 and defined D:\server\Apache\htdocs\onethink-master\wwwroot\ThinkPHP\Library\Think\Model.class.php 第 2035 行.
NOTIC: [8] Undefined variable: offset D:\server\Apache\htdocs\onethink-master\wwwroot\ThinkPHP\Library\Think\Model.class.php 第 2037 行.
NOTIC: [8] Undefined variable: offset D:\server\Apache\htdocs\onethink-master\wwwroot\ThinkPHP\Library\Think\Model.class.php 第 2040 行.
SQL: SELECT * FROM `repair` ORDER BY `create_time`  [ RunTime:0.0000s ]
INFO: [ view_parse ] --START--
INFO: [ template_filter ] --START--
INFO: Run Behavior\ContentReplaceBehavior [ RunTime:0.000000s ]
INFO: [ template_filter ] --END-- [ RunTime:0.000000s ]
NOTIC: [8] Undefined variable: meta_title D:\server\Apache\htdocs\onethink-master\wwwroot\Runtime\Cache\Admin\bebbb551f58430e1d7154d620e287755.php 第 5 行.
NOTIC: [8] Undefined variable: page D:\server\Apache\htdocs\onethink-master\wwwroot\Runtime\Cache\Admin\bebbb551f58430e1d7154d620e287755.php 第 139 行.
INFO: Run Behavior\ParseTemplateBehavior [ RunTime:0.016001s ]
INFO: [ view_parse ] --END-- [ RunTime:0.016001s ]
INFO: [ view_filter ] --START--
INFO: Run Behavior\WriteHtmlCacheBehavior [ RunTime:0.000000s ]
INFO: [ view_filter ] --END-- [ RunTime:0.000000s ]
INFO: [ app_end ] --START--
INFO: Run Behavior\ShowPageTraceBehavior [ RunTime:0.001000s ]
INFO: [ app_end ] --END-- [ RunTime:0.001000s ]

